[11/24 14:51:42] DALI is not installed, you can improve performance if use DALI
[11/24 14:51:42] [35mDATASET[0m : 
[11/24 14:51:42]     [35mbatch_size[0m : [92m16[0m
[11/24 14:51:42]     [35mnum_workers[0m : [92m0[0m
[11/24 14:51:42]     [35mtest[0m : 
[11/24 14:51:42]         [35mconf_thres[0m : [92m0.0[0m
[11/24 14:51:42]         [35mformat[0m : [92mPoseDataset[0m
[11/24 14:51:42]         [35mkeypoint_file[0m : [92m../../TrainData/Distill/test_A_data.npy[0m
[11/24 14:51:42]         [35mlabel_file[0m : [92m[0m
[11/24 14:51:42]         [35mtest_mode[0m : [92mTrue[0m
[11/24 14:51:42]     [35mtest_batch_size[0m : [92m1[0m
[11/24 14:51:42]     [35mtest_num_workers[0m : [92m0[0m
[11/24 14:51:42]     [35mtrain[0m : 
[11/24 14:51:42]         [35mconf_thres[0m : [92m0.0[0m
[11/24 14:51:42]         [35mformat[0m : [92mPoseDataset[0m
[11/24 14:51:42]         [35mkeypoint_file[0m : [92m/home/aistudio/data/Distill/new_train/train_org_data.npy[0m
[11/24 14:51:42]         [35mlabel_file[0m : [92m/home/aistudio/data/Distill/new_train/train_label.npy[0m
[11/24 14:51:42]         [35mnum_classes[0m : [92m30[0m
[11/24 14:51:42]     [35mvalid_batch_size[0m : [92m1[0m
[11/24 14:51:42] ------------------------------------------------------------
[11/24 14:51:42] [35mINFERENCE[0m : 
[11/24 14:51:42]     [35mname[0m : [92mSTGCN_Inference_helper[0m
[11/24 14:51:42]     [35mnum_channels[0m : [92m2[0m
[11/24 14:51:42]     [35mperson_nums[0m : [92m1[0m
[11/24 14:51:42]     [35mvertex_nums[0m : [92m25[0m
[11/24 14:51:42]     [35mwindow_size[0m : [92m350[0m
[11/24 14:51:42] ------------------------------------------------------------
[11/24 14:51:42] [35mMETRIC[0m : 
[11/24 14:51:42]     [35mname[0m : [92mSkeletonMetric[0m
[11/24 14:51:42]     [35mout_file[0m : [92msubmission_self_distill.csv[0m
[11/24 14:51:42]     [35mval_npy[0m : [92mnwc5-1-filtered.npy[0m
[11/24 14:51:42] ------------------------------------------------------------
[11/24 14:51:42] [35mMODEL[0m : 
[11/24 14:51:42]     [35mbackbone[0m : 
[11/24 14:51:42]         [35mdepth[0m : [92m50[0m
[11/24 14:51:42]         [35minput_channel_num[0m : [92m[25][0m
[11/24 14:51:42]         [35mname[0m : [92mResNetSlowOnly[0m
[11/24 14:51:42]         [35mwidth_per_group[0m : [92m32[0m
[11/24 14:51:42]     [35mframework[0m : [92mRecognizer3D[0m
[11/24 14:51:42]     [35mhead[0m : 
[11/24 14:51:42]         [35mdim_in[0m : [92m512[0m
[11/24 14:51:42]         [35mdropout_rate[0m : [92m0.5[0m
[11/24 14:51:42]         [35mls_eps[0m : [92m0.1[0m
[11/24 14:51:42]         [35mname[0m : [92mI3DHead[0m
[11/24 14:51:42]         [35mnum_classes[0m : [92m30[0m
[11/24 14:51:42] ------------------------------------------------------------
[11/24 14:51:42] [35mOPTIMIZER[0m : 
[11/24 14:51:42]     [35mlearning_rate[0m : 
[11/24 14:51:42]         [35mT_max[0m : [92m120[0m
[11/24 14:51:42]         [35mlearning_rate[0m : [92m0.1[0m
[11/24 14:51:42]         [35mname[0m : [92mCosineAnnealingDecay[0m
[11/24 14:51:42]     [35mmomentum[0m : [92m0.9[0m
[11/24 14:51:42]     [35mname[0m : [92mMomentum[0m
[11/24 14:51:42]     [35mweight_decay[0m : 
[11/24 14:51:42]         [35mname[0m : [92mL2[0m
[11/24 14:51:42]         [35mvalue[0m : [92m0.0001[0m
[11/24 14:51:42] ------------------------------------------------------------
[11/24 14:51:42] [35mPIPELINE[0m : 
[11/24 14:51:42]     [35mtest[0m : 
[11/24 14:51:42]         [35msample[0m : 
[11/24 14:51:42]             [35mclip_len[0m : [92m64[0m
[11/24 14:51:42]             [35mname[0m : [92mUniformSampleFrames[0m
[11/24 14:51:42]             [35mnum_clips[0m : [92m10[0m
[11/24 14:51:42]             [35mtest_mode[0m : [92mTrue[0m
[11/24 14:51:42]         [35mtransform[0m : 
[11/24 14:51:42]             [35mPoseDecode[0m : [92mNone[0m
[11/24 14:51:42]             [35mPoseCompact[0m : 
[11/24 14:51:42]                 [35mallow_imgpad[0m : [92mTrue[0m
[11/24 14:51:42]                 [35mhw_ratio[0m : [92m1.0[0m
[11/24 14:51:42]             [35mResize[0m : 
[11/24 14:51:42]                 [35mkeep_ratio[0m : [92mFalse[0m
[11/24 14:51:42]                 [35mscale[0m : [92m[32, 64][0m
[11/24 14:51:42]             [35mGeneratePoseTarget[0m : 
[11/24 14:51:42]                 [35mdouble[0m : [92mTrue[0m
[11/24 14:51:42]                 [35mleft_kp[0m : [92m[5, 6, 7, 12, 13, 14, 16, 18, 19, 20, 21][0m
[11/24 14:51:42]                 [35mright_kp[0m : [92m[2, 3, 4, 9, 10, 11, 15, 17, 22, 23, 24][0m
[11/24 14:51:42]                 [35msigma[0m : [92m0.6[0m
[11/24 14:51:42]                 [35mskeletons[0m : [92m[[0, 1], [0, 15], [0, 16], [1, 2], [1, 5], [1, 8], [2, 3], [3, 4], [5, 6], [6, 7], [8, 9], [8, 12], [9, 10], [10, 11], [11, 22], [11, 24], [12, 13], [13, 14], [14, 21], [14, 19], [15, 17], [16, 18], [19, 20], [22, 23]][0m
[11/24 14:51:42]                 [35muse_score[0m : [92mTrue[0m
[11/24 14:51:42]                 [35mwith_kp[0m : [92mTrue[0m
[11/24 14:51:42]                 [35mwith_limb[0m : [92mFalse[0m
[11/24 14:51:42]             [35mFormatShape[0m : 
[11/24 14:51:42]                 [35minput_format[0m : [92mNCTHW[0m
[11/24 14:51:42]     [35mtrain[0m : 
[11/24 14:51:42]         [35msample[0m : 
[11/24 14:51:42]             [35mclip_len[0m : [92m64[0m
[11/24 14:51:42]             [35mname[0m : [92mUniformSampleFrames[0m
[11/24 14:51:42]         [35mtransform[0m : 
[11/24 14:51:42]             [35mPoseDecode[0m : [92mNone[0m
[11/24 14:51:42]             [35mPoseCompact[0m : 
[11/24 14:51:42]                 [35mallow_imgpad[0m : [92mTrue[0m
[11/24 14:51:42]                 [35mhw_ratio[0m : [92m1.0[0m
[11/24 14:51:42]             [35mResize[0m : 
[11/24 14:51:42]                 [35mscale[0m : [92m[-1, 64][0m
[11/24 14:51:42]             [35mRandomResizedCrop[0m : 
[11/24 14:51:42]                 [35marea_range[0m : [92m[0.56, 1.0][0m
[11/24 14:51:42]             [35mResize[0m : 
[11/24 14:51:42]                 [35mkeep_ratio[0m : [92mFalse[0m
[11/24 14:51:42]                 [35mscale[0m : [92m[28, 56][0m
[11/24 14:51:42]             [35mFlip[0m : 
[11/24 14:51:42]                 [35mflip_ratio[0m : [92m0.5[0m
[11/24 14:51:42]                 [35mleft_kp[0m : [92m[5, 6, 7, 12, 13, 14, 16, 18, 19, 20, 21][0m
[11/24 14:51:42]                 [35mright_kp[0m : [92m[2, 3, 4, 9, 10, 11, 15, 17, 22, 23, 24][0m
[11/24 14:51:42]             [35mGeneratePoseTarget[0m : 
[11/24 14:51:42]                 [35mleft_kp[0m : [92m[5, 6, 7, 12, 13, 14, 16, 18, 19, 20, 21][0m
[11/24 14:51:42]                 [35mright_kp[0m : [92m[2, 3, 4, 9, 10, 11, 15, 17, 22, 23, 24][0m
[11/24 14:51:42]                 [35msigma[0m : [92m0.6[0m
[11/24 14:51:42]                 [35mskeletons[0m : [92m[[0, 1], [0, 15], [0, 16], [1, 2], [1, 5], [1, 8], [2, 3], [3, 4], [5, 6], [6, 7], [8, 9], [8, 12], [9, 10], [10, 11], [11, 22], [11, 24], [12, 13], [13, 14], [14, 21], [14, 19], [15, 17], [16, 18], [19, 20], [22, 23]][0m
[11/24 14:51:42]                 [35muse_score[0m : [92mTrue[0m
[11/24 14:51:42]                 [35mwith_kp[0m : [92mTrue[0m
[11/24 14:51:42]                 [35mwith_limb[0m : [92mFalse[0m
[11/24 14:51:42]             [35mFormatShape[0m : 
[11/24 14:51:42]                 [35minput_format[0m : [92mNCTHW[0m
[11/24 14:51:42]     [35mvalid[0m : 
[11/24 14:51:42]         [35msample[0m : 
[11/24 14:51:42]             [35mclip_len[0m : [92m64[0m
[11/24 14:51:42]             [35mname[0m : [92mUniformSampleFrames[0m
[11/24 14:51:42]             [35mnum_clips[0m : [92m1[0m
[11/24 14:51:42]             [35mtest_mode[0m : [92mTrue[0m
[11/24 14:51:42]         [35mtransform[0m : 
[11/24 14:51:42]             [35mPoseDecode[0m : [92mNone[0m
[11/24 14:51:42]             [35mPoseCompact[0m : 
[11/24 14:51:42]                 [35mallow_imgpad[0m : [92mTrue[0m
[11/24 14:51:42]                 [35mhw_ratio[0m : [92m1.0[0m
[11/24 14:51:42]             [35mResize[0m : 
[11/24 14:51:42]                 [35mkeep_ratio[0m : [92mFalse[0m
[11/24 14:51:42]                 [35mscale[0m : [92m[32, 64][0m
[11/24 14:51:42]             [35mGeneratePoseTarget[0m : 
[11/24 14:51:42]                 [35mdouble[0m : [92mTrue[0m
[11/24 14:51:42]                 [35mleft_kp[0m : [92m[5, 6, 7, 12, 13, 14, 16, 18, 19, 20, 21][0m
[11/24 14:51:42]                 [35mright_kp[0m : [92m[2, 3, 4, 9, 10, 11, 15, 17, 22, 23, 24][0m
[11/24 14:51:42]                 [35msigma[0m : [92m0.6[0m
[11/24 14:51:42]                 [35mskeletons[0m : [92m[[0, 1], [0, 15], [0, 16], [1, 2], [1, 5], [1, 8], [2, 3], [3, 4], [5, 6], [6, 7], [8, 9], [8, 12], [9, 10], [10, 11], [11, 22], [11, 24], [12, 13], [13, 14], [14, 21], [14, 19], [15, 17], [16, 18], [19, 20], [22, 23]][0m
[11/24 14:51:42]                 [35muse_score[0m : [92mTrue[0m
[11/24 14:51:42]                 [35mwith_kp[0m : [92mTrue[0m
[11/24 14:51:42]                 [35mwith_limb[0m : [92mFalse[0m
[11/24 14:51:42]             [35mFormatShape[0m : 
[11/24 14:51:42]                 [35minput_format[0m : [92mNCTHW[0m
[11/24 14:51:42] ------------------------------------------------------------
[11/24 14:51:42] [35mPRECISEBN[0m : 
[11/24 14:51:42]     [35mnum_iters_preciseBN[0m : [92m200[0m
[11/24 14:51:42]     [35mpreciseBN_interval[0m : [92m10[0m
[11/24 14:51:42] ------------------------------------------------------------
[11/24 14:51:42] [35mepochs[0m : [92m120[0m
[11/24 14:51:42] [35mlog_interval[0m : [92m20[0m
[11/24 14:51:42] [35mmodel_name[0m : [92mnwc5-1-filtered[0m
[11/24 14:51:42] [35moutput_dir[0m : [92moutput/self_distill[0m
[11/24 14:51:42] [35msave_interval[0m : [92m5[0m
[11/24 14:51:42] [35mval_interval[0m : [92m5[0m
{'format': 'PoseDataset', 'keypoint_file': '/home/aistudio/data/Distill/new_train/train_org_data.npy', 'label_file': '/home/aistudio/data/Distill/new_train/train_label.npy', 'conf_thres': 0.0, 'num_classes': 30, 'pipeline': <paddlevideo.loader.pipelines.compose.Compose object at 0x7fb3eb760790>}
class_filter:  []
class to id map:  {0: 0, 1: 1, 2: 2, 3: 3, 4: 4, 5: 5, 6: 6, 7: 7, 8: 8, 9: 9, 10: 10, 11: 11, 12: 12, 13: 13, 14: 14, 15: 15, 16: 16, 17: 17, 18: 18, 19: 19, 20: 20, 21: 21, 22: 22, 23: 23, 24: 24, 25: 25, 26: 26, 27: 27, 28: 28, 29: 29}
id to class map:  {0: 0, 1: 1, 2: 2, 3: 3, 4: 4, 5: 5, 6: 6, 7: 7, 8: 8, 9: 9, 10: 10, 11: 11, 12: 12, 13: 13, 14: 14, 15: 15, 16: 16, 17: 17, 18: 18, 19: 19, 20: 20, 21: 21, 22: 22, 23: 23, 24: 24, 25: 25, 26: 26, 27: 27, 28: 28, 29: 29}
!!!!!!!!! (2922, 3, 2500, 25, 1)
~~~~~~~~~~~~finish father~~~~~~~~~~~~~
train data size:  2922
changing num_classes to 30
{'name': 'CrossEntropyLoss'}
build model
start training
[11/24 14:51:53] [35mepoch:[  1/120][0m [95mtrain step:0   [0m [92mloss: 3.41575 lr: 0.100000 top1: 0.00000 top5: 0.00000[0m [92mbatch_cost: 1.58152 sec,[0m [92mreader_cost: 1.21665 sec,[0m ips: 10.11683 instance/sec.
[11/24 14:52:16] main proc 27174 exit, kill process group 27172
